[2026-05-06T10:02:25.565955] [INFO] (0.0s) ============================================================
[2026-05-06T10:02:25.566252] [INFO] (0.0s) 实验优化自动化流程启动
[2026-05-06T10:02:25.566584] [INFO] (0.0s) 配置: {
  "experiment_name": "fix_verification",
  "design": {
    "P_values": [
      0,
      64,
      120
    ],
    "T_values": [
      30,
      100,
      500
    ],
    "W_values": [
      300,
      600,
      1500
    ],
    "lhs_points": 10
  },
  "experiment": {
    "n_subjects": 8,
    "trials_per_condition": 8,
    "design_type": "mixed",
    "block_size": 20
  },
  "model": {
    "w_gp": 0.5,
    "v_noise": 0.3,
    "a_noise": 0.25,
    "kernel_type": "rbf"
  },
  "iteration": {
    "n_rounds": 2,
    "exploration_weight": 0.3,
    "use_real_data": false
  },
  "seed": 42
}
[2026-05-06T10:02:25.571917] [INFO] (0.0s) 初始化组件...
[2026-05-06T10:02:25.572420] [INFO] (0.0s) 组件初始化完成
[2026-05-06T10:02:25.572632] [INFO] (0.0s) 生成实验设计空间...
[2026-05-06T10:02:25.577111] [INFO] (0.0s) 数据已保存: D:\GitHub_programe\GitHub\Guassion-Process-Experiment-Design\automation\logs\fix_verification_20260506_100225\design_grid.csv
[2026-05-06T10:02:25.578012] [INFO] (0.0s) 数据已保存: D:\GitHub_programe\GitHub\Guassion-Process-Experiment-Design\automation\logs\fix_verification_20260506_100225\design_lhs.csv
[2026-05-06T10:02:25.578227] [INFO] (0.0s) 设计空间生成完成: 27 个网格点, 10 个LHS点 (耗时 0.0s)
[2026-05-06T10:02:25.578439] [INFO] (0.0s) 生成实验序列...
[2026-05-06T10:02:25.767293] [INFO] (0.2s) 数据已保存: D:\GitHub_programe\GitHub\Guassion-Process-Experiment-Design\automation\logs\fix_verification_20260506_100225\experiment_sequence.csv
[2026-05-06T10:02:25.767645] [INFO] (0.2s) 实验序列生成完成: 6912 试次, 8 被试 (耗时 0.2s)
[2026-05-06T10:02:25.768203] [INFO] (0.2s) 加载真实实验数据...
[2026-05-06T10:02:25.807355] [INFO] (0.2s) T/W 已从秒转换为毫秒
[2026-05-06T10:02:25.808471] [INFO] (0.2s) 真实数据加载完成: 26616 行 (耗时 0.0s)
[2026-05-06T10:02:25.808835] [INFO] (0.2s) 训练生成模型...
[2026-05-06T10:02:25.809040] [INFO] (0.2s) 跳过真实数据训练 (使用默认参数)
[2026-05-06T10:02:25.809365] [INFO] (0.2s) 模型训练完成 (耗时 0.0s)
[2026-05-06T10:02:25.809496] [INFO] (0.2s) 生成模拟行为数据...
[2026-05-06T10:02:27.559171] [INFO] (2.0s) 数据已保存: D:\GitHub_programe\GitHub\Guassion-Process-Experiment-Design\automation\logs\fix_verification_20260506_100225\synthetic_behavior_data.csv
[2026-05-06T10:02:27.560164] [INFO] (2.0s) 模拟数据生成完成: 3456 行 (耗时 1.8s)
[2026-05-06T10:02:27.560366] [INFO] (2.0s) 效应量分析...
[2026-05-06T10:02:28.039179] [INFO] (2.5s) 效应量分析完成 (耗时 0.5s)
[2026-05-06T10:02:28.039610] [INFO] (2.5s) 迭代优化探索...
[2026-05-06T10:02:28.056227] [INFO] (2.5s) 迭代优化完成 (耗时 0.0s)
[2026-05-06T10:02:28.056452] [INFO] (2.5s) 模型比较...
[2026-05-06T10:02:28.070091] [ERROR] (2.5s) 异常: 'response'
Traceback (most recent call last):
  File "C:\Users\蔡振辛\AppData\Roaming\Python\Python314\site-packages\pandas\core\indexes\base.py", line 3812, in get_loc
    return self._engine.get_loc(casted_key)
           ~~~~~~~~~~~~~~~~~~~~^^^^^^^^^^^^
  File "pandas/_libs/index.pyx", line 167, in pandas._libs.index.IndexEngine.get_loc
  File "pandas/_libs/index.pyx", line 196, in pandas._libs.index.IndexEngine.get_loc
  File "pandas/_libs/hashtable_class_helper.pxi", line 7088, in pandas._libs.hashtable.PyObjectHashTable.get_item
  File "pandas/_libs/hashtable_class_helper.pxi", line 7096, in pandas._libs.hashtable.PyObjectHashTable.get_item
KeyError: 'response'

The above exception was the direct cause of the following exception:

Traceback (most recent call last):
  File "D:\GitHub_programe\GitHub\Guassion-Process-Experiment-Design\automation\pipeline.py", line 159, in run
    comparison_results = self._stage_model_comparison(design_df, real_data)
  File "D:\GitHub_programe\GitHub\Guassion-Process-Experiment-Design\automation\pipeline.py", line 480, in _stage_model_comparison
    comp_df = comparison.compare_condition_predictions(design_df, real_data)
  File "D:\GitHub_programe\GitHub\Guassion-Process-Experiment-Design\automation\core\generative_model.py", line 393, in compare_condition_predictions
    real_acc = (valid['response'] == 1).mean()
                ~~~~~^^^^^^^^^^^^
  File "C:\Users\蔡振辛\AppData\Roaming\Python\Python314\site-packages\pandas\core\frame.py", line 4113, in __getitem__
    indexer = self.columns.get_loc(key)
  File "C:\Users\蔡振辛\AppData\Roaming\Python\Python314\site-packages\pandas\core\indexes\base.py", line 3819, in get_loc
    raise KeyError(key) from err
KeyError: 'response'

[2026-05-06T10:02:28.070751] [INFO] (2.5s) 实验完成. 耗时: 2.5s. 成功: False
